<?xml version="1.0" encoding="UTF-8"?>
<robot generator="Robot 6.1.1 (Python 3.10.2 on win32)" generated="20231106 13:03:28.457" rpa="true" schemaversion="4">
<suite id="s1" name="Task 002" source="C:\Users\januk\Desktop\HungerLink\Tasks_Robot\insomina_tasks\tests\task_002.robot">
<test id="s1-t1" name="Add_BME" line="15">
<kw name="Given the API endpoint for adding a region is available">
<kw name="Set Variable" library="BuiltIn">
<var>${API_Endpoint}</var>
<arg>${API_ROOT}</arg>
<doc>Returns the given values which can then be assigned to a variables.</doc>
<msg timestamp="20231106 13:03:28.628" level="INFO">${API_Endpoint} = https://uluru-01-pdhwkxq43q-ue.a.run.app/jsonrpc</msg>
<status status="PASS" starttime="20231106 13:03:28.628" endtime="20231106 13:03:28.628"/>
</kw>
<kw name="Set Suite Variable" library="BuiltIn">
<var>${API_Endpoint}</var>
<arg>${API_Endpoint}</arg>
<doc>Makes a variable available everywhere within the scope of the current suite.</doc>
<msg timestamp="20231106 13:03:28.628" level="INFO">${API_Endpoint} = https://uluru-01-pdhwkxq43q-ue.a.run.app/jsonrpc</msg>
<msg timestamp="20231106 13:03:28.628" level="INFO">${API_Endpoint} = None</msg>
<status status="PASS" starttime="20231106 13:03:28.628" endtime="20231106 13:03:28.628"/>
</kw>
<status status="PASS" starttime="20231106 13:03:28.628" endtime="20231106 13:03:28.628"/>
</kw>
<kw name="When a POST request is sent to the API endpoint with BME data">
<var>${response_data}</var>
<kw name="Create Session" library="RequestsLibrary">
<arg>API_Testing</arg>
<arg>${API_ROOT}</arg>
<doc>Create Session: create a HTTP session to a server</doc>
<msg timestamp="20231106 13:03:28.628" level="INFO">Creating Session using : alias=API_Testing, url=https://uluru-01-pdhwkxq43q-ue.a.run.app/jsonrpc, headers={},                     cookies={}, auth=None, timeout=None, proxies=None, verify=False,                     debug=0 </msg>
<status status="PASS" starttime="20231106 13:03:28.628" endtime="20231106 13:03:28.628"/>
</kw>
<kw name="Set Variable" library="BuiltIn">
<var>${region_data}</var>
<arg>${RequestData}</arg>
<doc>Returns the given values which can then be assigned to a variables.</doc>
<msg timestamp="20231106 13:03:28.643" level="INFO">${region_data} = {"jsonrpc": "2.0+hl","id": 1,"method": "cdr:bme:add","version": 1,"params": {"activity_tags": ["food_bank"],"region_id": "645a83679d23265bd3e550a2","name": "Test Data 1234","address": "339 Barton St, ...</msg>
<status status="PASS" starttime="20231106 13:03:28.628" endtime="20231106 13:03:28.643"/>
</kw>
<kw name="Create Dictionary" library="BuiltIn">
<var>${Headers}</var>
<arg>Content-Type=application/json</arg>
<doc>Creates and returns a dictionary based on the given ``items``.</doc>
<msg timestamp="20231106 13:03:28.643" level="INFO">${Headers} = {'Content-Type': 'application/json'}</msg>
<status status="PASS" starttime="20231106 13:03:28.643" endtime="20231106 13:03:28.643"/>
</kw>
<kw name="POST On Session" library="RequestsLibrary">
<var>${response}</var>
<arg>API_Testing</arg>
<arg>${API_Endpoint}</arg>
<arg>data=${region_data}</arg>
<arg>headers=${Headers}</arg>
<doc>Sends a POST request on a previously created HTTP Session.</doc>
<msg timestamp="20231106 13:03:31.835" level="INFO">POST Request : url=https://uluru-01-pdhwkxq43q-ue.a.run.app/jsonrpc 
 path_url=/jsonrpc 
 headers={'User-Agent': 'python-requests/2.27.1', 'Accept-Encoding': 'gzip, deflate', 'Accept': '*/*', 'Connection': 'keep-alive', 'Content-Type': 'application/json', 'Content-Length': '585'} 
 body={"jsonrpc": "2.0+hl","id": 1,"method": "cdr:bme:add","version": 1,"params": {"activity_tags": ["food_bank"],"region_id": "645a83679d23265bd3e550a2","name": "Test Data 1234","address": "339 Barton St, Stoney Creek, ON L8E 2L2","geoloc": {"longitude": -79.721363,"latitude": 43.8561002}},"auth": {"type": "hl_session","token": "4689f08c3819861647fa8653f19c0a4ac4234b940f12d26e3836609af96a3f780b32e80f58bd853c3535c03c581ad76e2629a0a6ebf8673e73cf3757314f47d26ba5ff3d579d4612abe3a64e8429c338d11c92c6d32ad6f8403efe8f4fb9f6ea91ec96546e4269fe01d58d377873bde170abf89a9b6edc13287f16b96715f673"}} 
 </msg>
<msg timestamp="20231106 13:03:31.835" level="INFO">POST Response : url=https://uluru-01-pdhwkxq43q-ue.a.run.app/jsonrpc 
 status=200, reason=OK 
 headers={'vary': 'Origin', 'access-control-allow-origin': '*', 'content-type': 'application/json; charset=utf-8', 'X-Cloud-Trace-Context': 'a24973f42a73fefc0bd345dced9cc93f;o=1', 'Date': 'Mon, 06 Nov 2023 07:33:32 GMT', 'Server': 'Google Frontend', 'Content-Length': '443', 'Alt-Svc': 'h3=":443"; ma=2592000,h3-29=":443"; ma=2592000'} 
 body={"jsonrpc":"2.0+hl","id":1,"method":"cdr:bme:add","version":1,"result":{"type":"cdr:bme","_id":"654896c94f49db254885429f","name":"Test Data 1234","address":"339 Barton St, Stoney Creek, ON L8E 2L2","activity_tags":["food_bank"],"geoloc":{"longitude":-79.721363,"latitude":43.8561002},"region":{"type":"cdr:region","_id":"645a83679d23265bd3e550a2","title":"Toronto","tz":"America/Toronto","continent_code":"northamerica","country_code":"CAN"}}} 
 </msg>
<msg timestamp="20231106 13:03:31.835" level="INFO">C:\Users\januk\AppData\Local\Programs\Python\Python310\lib\site-packages\urllib3\connectionpool.py:1043: InsecureRequestWarning: Unverified HTTPS request is being made to host 'uluru-01-pdhwkxq43q-ue.a.run.app'. Adding certificate verification is strongly advised. See: https://urllib3.readthedocs.io/en/1.26.x/advanced-usage.html#ssl-warnings
  warnings.warn(</msg>
<msg timestamp="20231106 13:03:31.837" level="INFO">${response} = &lt;Response [200]&gt;</msg>
<status status="PASS" starttime="20231106 13:03:28.643" endtime="20231106 13:03:31.837"/>
</kw>
<kw name="Set Variable" library="BuiltIn">
<var>${Get_Response_Content}</var>
<arg>${response.content}</arg>
<doc>Returns the given values which can then be assigned to a variables.</doc>
<msg timestamp="20231106 13:03:31.839" level="INFO">${Get_Response_Content} = {"jsonrpc":"2.0+hl","id":1,"method":"cdr:bme:add","version":1,"result":{"type":"cdr:bme","_id":"654896c94f49db254885429f","name":"Test Data 1234","address":"339 Barton St, Stoney Creek, ON L8E 2L2","a...</msg>
<status status="PASS" starttime="20231106 13:03:31.837" endtime="20231106 13:03:31.839"/>
</kw>
<kw name="Evaluate" library="BuiltIn">
<var>${json_dict}</var>
<arg>json.loads('''${Get_Response_Content}''')</arg>
<arg>json</arg>
<doc>Evaluates the given expression in Python and returns the result.</doc>
<msg timestamp="20231106 13:03:31.840" level="INFO">${json_dict} = {'jsonrpc': '2.0+hl', 'id': 1, 'method': 'cdr:bme:add', 'version': 1, 'result': {'type': 'cdr:bme', '_id': '654896c94f49db254885429f', 'name': 'Test Data 1234', 'address': '339 Barton St, Stoney Creek...</msg>
<status status="PASS" starttime="20231106 13:03:31.839" endtime="20231106 13:03:31.840"/>
</kw>
<kw name="Log To Console" library="BuiltIn">
<arg>${json_dict}</arg>
<doc>Logs the given message to the console.</doc>
<status status="PASS" starttime="20231106 13:03:31.840" endtime="20231106 13:03:31.841"/>
</kw>
<kw name="Set Suite Variable" library="BuiltIn">
<arg>${response_data}</arg>
<arg>${json_dict}</arg>
<doc>Makes a variable available everywhere within the scope of the current suite.</doc>
<msg timestamp="20231106 13:03:31.843" level="INFO">${response_data} = {'jsonrpc': '2.0+hl', 'id': 1, 'method': 'cdr:bme:add', 'version': 1, 'result': {'type': 'cdr:bme', '_id': '654896c94f49db254885429f', 'name': 'Test Data 1234', 'address': '339 Barton St, Stoney Creek...</msg>
<status status="PASS" starttime="20231106 13:03:31.842" endtime="20231106 13:03:31.843"/>
</kw>
<msg timestamp="20231106 13:03:31.843" level="INFO">${response_data} = {'jsonrpc': '2.0+hl', 'id': 1, 'method': 'cdr:bme:add', 'version': 1, 'result': {'type': 'cdr:bme', '_id': '654896c94f49db254885429f', 'name': 'Test Data 1234', 'address': '339 Barton St, Stoney Creek...</msg>
<status status="PASS" starttime="20231106 13:03:28.628" endtime="20231106 13:03:31.843"/>
</kw>
<kw name="And the response should contain the added BME details">
<kw name="Get From Dictionary" library="Collections">
<var>${result}</var>
<arg>${response_data}</arg>
<arg>result</arg>
<doc>Returns a value from the given ``dictionary`` based on the given ``key``.</doc>
<msg timestamp="20231106 13:03:31.845" level="INFO">${result} = {'type': 'cdr:bme', '_id': '654896c94f49db254885429f', 'name': 'Test Data 1234', 'address': '339 Barton St, Stoney Creek, ON L8E 2L2', 'activity_tags': ['food_bank'], 'geoloc': {'longitude': -79.72136...</msg>
<status status="PASS" starttime="20231106 13:03:31.844" endtime="20231106 13:03:31.845"/>
</kw>
<kw name="Log To Console" library="BuiltIn">
<arg>${result}</arg>
<doc>Logs the given message to the console.</doc>
<status status="PASS" starttime="20231106 13:03:31.845" endtime="20231106 13:03:31.846"/>
</kw>
<kw name="Dictionary Should Contain Key" library="Collections">
<arg>${result}</arg>
<arg>_id</arg>
<doc>Fails if ``key`` is not found from ``dictionary``.</doc>
<status status="PASS" starttime="20231106 13:03:31.846" endtime="20231106 13:03:31.846"/>
</kw>
<kw name="Dictionary Should Contain Key" library="Collections">
<arg>${result}</arg>
<arg>name</arg>
<doc>Fails if ``key`` is not found from ``dictionary``.</doc>
<status status="PASS" starttime="20231106 13:03:31.846" endtime="20231106 13:03:31.846"/>
</kw>
<kw name="Dictionary Should Contain Key" library="Collections">
<arg>${result}</arg>
<arg>address</arg>
<doc>Fails if ``key`` is not found from ``dictionary``.</doc>
<status status="PASS" starttime="20231106 13:03:31.846" endtime="20231106 13:03:31.847"/>
</kw>
<kw name="Dictionary Should Contain Key" library="Collections">
<arg>${result}</arg>
<arg>activity_tags</arg>
<doc>Fails if ``key`` is not found from ``dictionary``.</doc>
<status status="PASS" starttime="20231106 13:03:31.847" endtime="20231106 13:03:31.847"/>
</kw>
<kw name="Get From Dictionary" library="Collections">
<var>${tags}</var>
<arg>${result}</arg>
<arg>activity_tags</arg>
<doc>Returns a value from the given ``dictionary`` based on the given ``key``.</doc>
<msg timestamp="20231106 13:03:31.847" level="INFO">${tags} = ['food_bank']</msg>
<status status="PASS" starttime="20231106 13:03:31.847" endtime="20231106 13:03:31.847"/>
</kw>
<kw name="Evaluate" library="BuiltIn">
<var>${is_list}</var>
<arg>isinstance($tags, list)</arg>
<doc>Evaluates the given expression in Python and returns the result.</doc>
<msg timestamp="20231106 13:03:31.848" level="INFO">${is_list} = True</msg>
<status status="PASS" starttime="20231106 13:03:31.847" endtime="20231106 13:03:31.848"/>
</kw>
<kw name="Should Be True" library="BuiltIn">
<arg>${is_list}</arg>
<arg>msg=Variable is not a list</arg>
<doc>Fails if the given condition is not true.</doc>
<status status="PASS" starttime="20231106 13:03:31.848" endtime="20231106 13:03:31.848"/>
</kw>
<kw name="Get From Dictionary" library="Collections">
<var>${geoloc}</var>
<arg>${result}</arg>
<arg>geoloc</arg>
<doc>Returns a value from the given ``dictionary`` based on the given ``key``.</doc>
<msg timestamp="20231106 13:03:31.848" level="INFO">${geoloc} = {'longitude': -79.721363, 'latitude': 43.8561002}</msg>
<status status="PASS" starttime="20231106 13:03:31.848" endtime="20231106 13:03:31.848"/>
</kw>
<kw name="Dictionary Should Contain Key" library="Collections">
<arg>${geoloc}</arg>
<arg>longitude</arg>
<doc>Fails if ``key`` is not found from ``dictionary``.</doc>
<status status="PASS" starttime="20231106 13:03:31.849" endtime="20231106 13:03:31.849"/>
</kw>
<kw name="Dictionary Should Contain Key" library="Collections">
<arg>${geoloc}</arg>
<arg>latitude</arg>
<doc>Fails if ``key`` is not found from ``dictionary``.</doc>
<status status="PASS" starttime="20231106 13:03:31.849" endtime="20231106 13:03:31.849"/>
</kw>
<status status="PASS" starttime="20231106 13:03:31.844" endtime="20231106 13:03:31.849"/>
</kw>
<doc>Send an API request to add a new region.</doc>
<tag>API, Region</tag>
<status status="PASS" starttime="20231106 13:03:28.628" endtime="20231106 13:03:31.850"/>
</test>
<status status="PASS" starttime="20231106 13:03:28.457" endtime="20231106 13:03:31.853"/>
</suite>
<statistics>
<total>
<stat pass="1" fail="0" skip="0">All Tasks</stat>
</total>
<tag>
<stat pass="1" fail="0" skip="0">API, Region</stat>
</tag>
<suite>
<stat pass="1" fail="0" skip="0" id="s1" name="Task 002">Task 002</stat>
</suite>
</statistics>
<errors>
<msg timestamp="20231106 13:03:28.628" level="ERROR">Error in file 'C:\Users\januk\Desktop\HungerLink\Tasks_Robot\insomina_tasks\tests\task_002.robot' on line 7: Importing library 'RPA.Tasks' failed: ModuleNotFoundError: No module named 'RPA'
Traceback (most recent call last):
  None
PYTHONPATH:
  C:\Users\januk\AppData\Local\Programs\Python\Python310\Scripts\robot.exe
  C:\Users\januk\AppData\Local\Programs\Python\Python310\python310.zip
  C:\Users\januk\AppData\Local\Programs\Python\Python310\DLLs
  C:\Users\januk\AppData\Local\Programs\Python\Python310\lib
  C:\Users\januk\AppData\Local\Programs\Python\Python310
  C:\Users\januk\AppData\Local\Programs\Python\Python310\lib\site-packages
  C:\Users\januk\AppData\Local\Programs\Python\Python310\lib\site-packages\win32
  C:\Users\januk\AppData\Local\Programs\Python\Python310\lib\site-packages\win32\lib
  C:\Users\januk\AppData\Local\Programs\Python\Python310\lib\site-packages\Pythonwin</msg>
</errors>
</robot>
